<?xml version="1.0" encoding="UTF-8"?>
<testng-results ignored="0" total="2" passed="2" failed="0" skipped="0">
  <reporter-output>
  </reporter-output>
  <suite started-at="2023-01-31T15:46:08 IST" name="Default suite" finished-at="2023-01-31T15:46:29 IST" duration-ms="20567">
    <groups>
      <group name="cucumber">
        <method signature="RunTestNGTest.feature(io.cucumber.testng.PickleWrapper,io.cucumber.testng.FeatureWrapper)[pri:0, instance:com.Rest_Api.web.runner.RunTestNGTest@2e3967ea]" name="feature" class="com.Rest_Api.web.runner.RunTestNGTest"/>
      </group> <!-- cucumber -->
    </groups>
    <test started-at="2023-01-31T15:46:08 IST" name="Default test" finished-at="2023-01-31T15:46:29 IST" duration-ms="20567">
      <class name="com.Rest_Api.web.runner.RunTestNGTest">
        <test-method is-config="true" signature="setUpClass()[pri:0, instance:com.Rest_Api.web.runner.RunTestNGTest@2e3967ea]" started-at="2023-01-31T15:46:08 IST" name="setUpClass" finished-at="2023-01-31T15:46:10 IST" duration-ms="1315" status="PASS">
          <reporter-output>
          </reporter-output>
        </test-method> <!-- setUpClass -->
        <test-method signature="feature(io.cucumber.testng.PickleWrapper,io.cucumber.testng.FeatureWrapper)[pri:0, instance:com.Rest_Api.web.runner.RunTestNGTest@2e3967ea]" started-at="2023-01-31T15:46:10 IST" name="feature" description="Runs Cucumber Scenarios" data-provider="features" finished-at="2023-01-31T15:46:17 IST" duration-ms="7458" status="PASS">
          <params>
            <param index="0">
              <value>
                <![CDATA["Verify if place is being Succesfully added using AddPlaceAPI"]]>
              </value>
            </param>
            <param index="1">
              <value>
                <![CDATA["Optional[Validating Place API's]"]]>
              </value>
            </param>
          </params>
          <reporter-output>
          </reporter-output>
        </test-method> <!-- feature -->
        <test-method signature="feature(io.cucumber.testng.PickleWrapper,io.cucumber.testng.FeatureWrapper)[pri:0, instance:com.Rest_Api.web.runner.RunTestNGTest@2e3967ea]" started-at="2023-01-31T15:46:17 IST" name="feature" description="Runs Cucumber Scenarios" data-provider="features" finished-at="2023-01-31T15:46:18 IST" duration-ms="993" status="PASS">
          <params>
            <param index="0">
              <value>
                <![CDATA["Verify if delete place funcationality is working"]]>
              </value>
            </param>
            <param index="1">
              <value>
                <![CDATA["Optional[Validating Place API's]"]]>
              </value>
            </param>
          </params>
          <reporter-output>
          </reporter-output>
        </test-method> <!-- feature -->
        <test-method is-config="true" signature="tearDownClass()[pri:0, instance:com.Rest_Api.web.runner.RunTestNGTest@2e3967ea]" started-at="2023-01-31T15:46:18 IST" name="tearDownClass" finished-at="2023-01-31T15:46:29 IST" duration-ms="10656" status="PASS">
          <reporter-output>
          </reporter-output>
        </test-method> <!-- tearDownClass -->
      </class> <!-- com.Rest_Api.web.runner.RunTestNGTest -->
    </test> <!-- Default test -->
  </suite> <!-- Default suite -->
</testng-results>
